#
# There is insufficient memory for the Java Runtime Environment to continue.
# Native memory allocation (malloc) failed to allocate 1048576 bytes for AllocateHeap
# Possible reasons:
#   The system is out of physical RAM or swap space
#   In 32 bit mode, the process size limit was hit
# Possible solutions:
#   Reduce memory load on the system
#   Increase physical memory or swap space
#   Check if swap backing store is full
#   Use 64 bit Java on a 64 bit OS
#   Decrease Java heap size (-Xmx/-Xms)
#   Decrease number of Java threads
#   Decrease Java thread stack sizes (-Xss)
#   Set larger code cache with -XX:ReservedCodeCacheSize=
# This output file may be truncated or incomplete.
#
#  Out of Memory Error (memory/allocation.inline.hpp:62), pid=9656, tid=8092
#
# JRE version:  (8.0_31-b13) (build )
# Java VM: Java HotSpot(TM) 64-Bit Server VM (25.31-b07 mixed mode windows-amd64 compressed oops)
# Failed to write core dump. Minidumps are not enabled by default on client versions of Windows
#

---------------  T H R E A D  ---------------

Current thread (0x00000000020e0800):  JavaThread "Unknown thread" [_thread_in_vm, id=8092, stack(0x0000000001f30000,0x0000000002030000)]

Stack: [0x0000000001f30000,0x0000000002030000]
Native frames: (J=compiled Java code, j=interpreted, Vv=VM code, C=native code)
V  [jvm.dll+0x3169ba]
V  [jvm.dll+0x2674c3]
V  [jvm.dll+0x268103]
V  [jvm.dll+0x25f8f5]
V  [jvm.dll+0x3df90f]
V  [jvm.dll+0x3e044f]
V  [jvm.dll+0x3e0564]
V  [jvm.dll+0x3e0733]
V  [jvm.dll+0xe54d2]
V  [jvm.dll+0x1fa089]
V  [jvm.dll+0x22b694]
V  [jvm.dll+0x14d8c1]
C  [java.exe+0x20b6]
C  [java.exe+0xc9bb]
C  [java.exe+0xca4f]
C  [KERNEL32.DLL+0x16ad]
C  [ntdll.dll+0x6e954]


---------------  P R O C E S S  ---------------

Java Threads: ( => current thread )

Other Threads:

=>0x00000000020e0800 (exited) JavaThread "Unknown thread" [_thread_in_vm, id=8092, stack(0x0000000001f30000,0x0000000002030000)]

VM state:not at safepoint (normal execution)

VM Mutex/Monitor currently owned by a thread: None

Heap:
 PSYoungGen      total 38400K, used 665K [0x00000000eab00000, 0x00000000ed580000, 0x0000000100000000)
  eden space 33280K, 2% used [0x00000000eab00000,0x00000000eaba6670,0x00000000ecb80000)
  from space 5120K, 0% used [0x00000000ed080000,0x00000000ed080000,0x00000000ed580000)
  to   space 5120K, 0% used [0x00000000ecb80000,0x00000000ecb80000,0x00000000ed080000)
 ParOldGen       total 87552K, used 0K [0x00000000c0000000, 0x00000000c5580000, 0x00000000eab00000)
  object space 87552K, 0% used [0x00000000c0000000,0x00000000c0000000,0x00000000c5580000)
 Metaspace       used 677K, capacity 4480K, committed 4480K, reserved 1056768K
  class space    used 67K, capacity 384K, committed 384K, reserved 1048576K

Card table byte_map: [0x0000000011690000,0x00000000118a0000] byte_map_base: 0x0000000011090000

Marking Bits: (ParMarkBitMap*) 0x00000000529ad4f0
 Begin Bits: [0x0000000012200000, 0x0000000013200000)
 End Bits:   [0x0000000013200000, 0x0000000014200000)

Polling page: 0x0000000000610000

CodeCache: size=245760Kb used=326Kb max_used=326Kb free=245433Kb
 bounds [0x00000000022d0000, 0x0000000002540000, 0x00000000112d0000]
 total_blobs=55 nmethods=0 adapters=37
 compilation: enabled

Compilation events (0 events):
No events

GC Heap History (0 events):
No events

Deoptimization events (0 events):
No events

Internal exceptions (0 events):
No events

Events (10 events):
Event: 0.051 loading class java/lang/Short
Event: 0.051 loading class java/lang/Short done
Event: 0.051 loading class java/lang/Integer
Event: 0.051 loading class java/lang/Integer done
Event: 0.051 loading class java/lang/Long
Event: 0.052 loading class java/lang/Long done
Event: 0.052 loading class java/lang/NullPointerException
Event: 0.053 loading class java/lang/NullPointerException done
Event: 0.053 loading class java/lang/ArithmeticException
Event: 0.053 loading class java/lang/ArithmeticException done


Dynamic libraries:
0x00007ff6a7850000 - 0x00007ff6a7884000 	C:\Program Files\Java\jdk1.8.0_31\bin\java.exe
0x00007ffbd2de0000 - 0x00007ffbd2f8c000 	C:\WINDOWS\SYSTEM32\ntdll.dll
0x00007ffbd2340000 - 0x00007ffbd247a000 	C:\WINDOWS\system32\KERNEL32.DLL
0x00007ffbd0240000 - 0x00007ffbd034f000 	C:\WINDOWS\system32\KERNELBASE.dll
0x00007ffbceb40000 - 0x00007ffbcebc8000 	C:\WINDOWS\system32\apphelp.dll
0x00007ffbbde10000 - 0x00007ffbbde5f000 	C:\WINDOWS\AppPatch\AppPatch64\AcGenral.DLL
0x00007ffbd20b0000 - 0x00007ffbd2157000 	C:\WINDOWS\system32\msvcrt.dll
0x00007ffbcfec0000 - 0x00007ffbcfeeb000 	C:\WINDOWS\SYSTEM32\SspiCli.dll
0x00007ffbd2660000 - 0x00007ffbd26b1000 	C:\WINDOWS\system32\SHLWAPI.dll
0x00007ffbd0710000 - 0x00007ffbd0881000 	C:\WINDOWS\system32\USER32.dll
0x00007ffbd0590000 - 0x00007ffbd0708000 	C:\WINDOWS\system32\ole32.dll
0x00007ffbd09d0000 - 0x00007ffbd1ee8000 	C:\WINDOWS\system32\SHELL32.dll
0x00007ffbcf610000 - 0x00007ffbcf62e000 	C:\WINDOWS\SYSTEM32\USERENV.dll
0x00007ffbd2d30000 - 0x00007ffbd2dd5000 	C:\WINDOWS\system32\ADVAPI32.dll
0x00007ffbc4ec0000 - 0x00007ffbc4edb000 	C:\WINDOWS\SYSTEM32\MPR.dll
0x00007ffbd0890000 - 0x00007ffbd09c7000 	C:\WINDOWS\system32\RPCRT4.dll
0x00007ffbd2950000 - 0x00007ffbd29a7000 	C:\WINDOWS\SYSTEM32\sechost.dll
0x00007ffbd2160000 - 0x00007ffbd2336000 	C:\WINDOWS\SYSTEM32\combase.dll
0x00007ffbd2be0000 - 0x00007ffbd2d24000 	C:\WINDOWS\system32\GDI32.dll
0x00007ffbd0020000 - 0x00007ffbd0034000 	C:\WINDOWS\SYSTEM32\profapi.dll
0x00007ffbcebf0000 - 0x00007ffbceca2000 	C:\WINDOWS\SYSTEM32\SHCORE.dll
0x00007ffbd2480000 - 0x00007ffbd24b4000 	C:\WINDOWS\system32\IMM32.DLL
0x00007ffbd2720000 - 0x00007ffbd2871000 	C:\WINDOWS\system32\MSCTF.dll
0x00007ffbcddd0000 - 0x00007ffbce02a000 	C:\WINDOWS\WinSxS\amd64_microsoft.windows.common-controls_6595b64144ccf1df_6.0.9600.17031_none_6242a4b3ecbb55a1\COMCTL32.dll
0x0000000051d50000 - 0x0000000051e22000 	C:\Program Files\Java\jdk1.8.0_31\jre\bin\msvcr100.dll
0x00000000521d0000 - 0x0000000052a2a000 	C:\Program Files\Java\jdk1.8.0_31\jre\bin\server\jvm.dll
0x00007ffbc83a0000 - 0x00007ffbc83a9000 	C:\WINDOWS\SYSTEM32\WSOCK32.dll
0x00007ffbcbe80000 - 0x00007ffbcbe9f000 	C:\WINDOWS\SYSTEM32\WINMM.dll
0x00007ffbd1fa0000 - 0x00007ffbd1fa7000 	C:\WINDOWS\system32\PSAPI.DLL
0x00007ffbd26c0000 - 0x00007ffbd2718000 	C:\WINDOWS\system32\WS2_32.dll
0x00007ffbcbe40000 - 0x00007ffbcbe6a000 	C:\WINDOWS\SYSTEM32\WINMMBASE.dll
0x00007ffbd29e0000 - 0x00007ffbd29e9000 	C:\WINDOWS\system32\NSI.dll
0x00007ffbd0140000 - 0x00007ffbd018a000 	C:\WINDOWS\SYSTEM32\cfgmgr32.dll
0x00007ffbcee90000 - 0x00007ffbceeb6000 	C:\WINDOWS\SYSTEM32\DEVOBJ.dll
0x00000000521c0000 - 0x00000000521cf000 	C:\Program Files\Java\jdk1.8.0_31\jre\bin\verify.dll
0x0000000052190000 - 0x00000000521b8000 	C:\Program Files\Java\jdk1.8.0_31\jre\bin\java.dll
0x0000000052170000 - 0x0000000052186000 	C:\Program Files\Java\jdk1.8.0_31\jre\bin\zip.dll
0x00007ffbc12a0000 - 0x00007ffbc1428000 	C:\WINDOWS\SYSTEM32\dbghelp.dll

VM Arguments:
jvm_args: -Xmx1024M -Dfile.encoding=windows-1252 -Duser.country=US -Duser.language=en -Duser.variant 
java_command: com.android.dx.command.Main --dex --output C:\Users\Abhinav Goel\AndroidStudioProjects\enduser\app\build\intermediates\pre-dexed\debug\classes-44c479022140e4db5fcb0e2a496ad2c9722c3d7f.jar C:\Users\Abhinav Goel\AndroidStudioProjects\enduser\app\build\intermediates\exploded-aar\com.google.android.gms\play-services-games\7.0.0\classes.jar
java_class_path (initial): C:\Users\Abhinav Goel\AppData\Local\Android\sdk\build-tools\21.1.2\lib\dx.jar
Launcher Type: SUN_STANDARD

Environment Variables:
PATH=C:\Program Files (x86)\NVIDIA Corporation\PhysX\Common;C:\ProgramData\Oracle\Java\javapath;C:\Program Files (x86)\Nokia\PC Connectivity Solution\;C:\Windows\system32;C:\Windows;C:\Windows\System32\Wbem;C:\Windows\System32\WindowsPowerShell\v1.0\;C:\Program Files (x86)\ATI Technologies\ATI.ACE\Core-Static;C:\Program Files (x86)\MiKTeX 2.9\miktex\bin\;C:\Program Files (x86)\Windows Live\Shared;C:\WINDOWS\system32;C:\WINDOWS;C:\WINDOWS\System32\Wbem;C:\WINDOWS\System32\WindowsPowerShell\v1.0\;C:\Program Files (x86)\QuickTime\QTSystem\;C:\Ruby200-x64\bin
USERNAME=Abhinav Goel
OS=Windows_NT
PROCESSOR_IDENTIFIER=AMD64 Family 21 Model 1 Stepping 2, AuthenticAMD



---------------  S Y S T E M  ---------------

OS: Windows 8.1 , 64 bit Build 9600 

CPU:total 8 (8 cores per cpu, 1 threads per core) family 21 model 1 stepping 2, cmov, cx8, fxsr, mmx, sse, sse2, sse3, ssse3, sse4.1, sse4.2, popcnt, avx, aes, clmul, mmxext, 3dnowpref, lzcnt, sse4a, tsc, tscinvbit, tscinv

Memory: 4k page, physical 8386100k(929060k free), swap 11531828k(212044k free)

vm_info: Java HotSpot(TM) 64-Bit Server VM (25.31-b07) for windows-amd64 JRE (1.8.0_31-b13), built on Dec 17 2014 21:00:28 by "java_re" with MS VC++ 10.0 (VS2010)

time: Sun Mar 29 16:21:45 2015
elapsed time: 0 seconds (0d 0h 0m 0s)

