#
# There is insufficient memory for the Java Runtime Environment to continue.
# Native memory allocation (malloc) failed to allocate 480104 bytes for AllocateHeap
# Possible reasons:
#   The system is out of physical RAM or swap space
#   In 32 bit mode, the process size limit was hit
# Possible solutions:
#   Reduce memory load on the system
#   Increase physical memory or swap space
#   Check if swap backing store is full
#   Use 64 bit Java on a 64 bit OS
#   Decrease Java heap size (-Xmx/-Xms)
#   Decrease number of Java threads
#   Decrease Java thread stack sizes (-Xss)
#   Set larger code cache with -XX:ReservedCodeCacheSize=
# This output file may be truncated or incomplete.
#
#  Out of Memory Error (memory/allocation.inline.hpp:62), pid=3092, tid=3956
#
# JRE version:  (8.0_31-b13) (build )
# Java VM: Java HotSpot(TM) 64-Bit Server VM (25.31-b07 mixed mode windows-amd64 compressed oops)
# Failed to write core dump. Minidumps are not enabled by default on client versions of Windows
#

---------------  T H R E A D  ---------------

Current thread (0x0000000001d40800):  JavaThread "Unknown thread" [_thread_in_vm, id=3956, stack(0x0000000001bf0000,0x0000000001cf0000)]

Stack: [0x0000000001bf0000,0x0000000001cf0000]
Native frames: (J=compiled Java code, j=interpreted, Vv=VM code, C=native code)
V  [jvm.dll+0x3169ba]
V  [jvm.dll+0x2674c3]
V  [jvm.dll+0x268103]
V  [jvm.dll+0x25f8f5]
V  [jvm.dll+0x5bcb4]
V  [jvm.dll+0xe450e]
V  [jvm.dll+0x1fa017]
V  [jvm.dll+0x22b694]
V  [jvm.dll+0x14d8c1]
C  [java.exe+0x20b6]
C  [java.exe+0xc9bb]
C  [java.exe+0xca4f]
C  [KERNEL32.DLL+0x16ad]
C  [ntdll.dll+0x6e954]


---------------  P R O C E S S  ---------------

Java Threads: ( => current thread )

Other Threads:

=>0x0000000001d40800 (exited) JavaThread "Unknown thread" [_thread_in_vm, id=3956, stack(0x0000000001bf0000,0x0000000001cf0000)]

VM state:not at safepoint (not fully initialized)

VM Mutex/Monitor currently owned by a thread: None

GC Heap History (0 events):
No events

Deoptimization events (0 events):
No events

Internal exceptions (0 events):
No events

Events (0 events):
No events


Dynamic libraries:
0x00007ff6a7850000 - 0x00007ff6a7884000 	C:\Program Files\Java\jdk1.8.0_31\bin\java.exe
0x00007ffbd2de0000 - 0x00007ffbd2f8c000 	C:\WINDOWS\SYSTEM32\ntdll.dll
0x00007ffbd2340000 - 0x00007ffbd247a000 	C:\WINDOWS\system32\KERNEL32.DLL
0x00007ffbd0240000 - 0x00007ffbd034f000 	C:\WINDOWS\system32\KERNELBASE.dll
0x00007ffbceb40000 - 0x00007ffbcebc8000 	C:\WINDOWS\system32\apphelp.dll
0x00007ffbbde10000 - 0x00007ffbbde5f000 	C:\WINDOWS\AppPatch\AppPatch64\AcGenral.DLL
0x00007ffbd20b0000 - 0x00007ffbd2157000 	C:\WINDOWS\system32\msvcrt.dll
0x00007ffbcfec0000 - 0x00007ffbcfeeb000 	C:\WINDOWS\SYSTEM32\SspiCli.dll
0x00007ffbd2660000 - 0x00007ffbd26b1000 	C:\WINDOWS\system32\SHLWAPI.dll
0x00007ffbd0710000 - 0x00007ffbd0881000 	C:\WINDOWS\system32\USER32.dll
0x00007ffbd0590000 - 0x00007ffbd0708000 	C:\WINDOWS\system32\ole32.dll
0x00007ffbd09d0000 - 0x00007ffbd1ee8000 	C:\WINDOWS\system32\SHELL32.dll
0x00007ffbcf610000 - 0x00007ffbcf62e000 	C:\WINDOWS\SYSTEM32\USERENV.dll
0x00007ffbd2d30000 - 0x00007ffbd2dd5000 	C:\WINDOWS\system32\ADVAPI32.dll
0x00007ffbc4ec0000 - 0x00007ffbc4edb000 	C:\WINDOWS\SYSTEM32\MPR.dll
0x00007ffbd0890000 - 0x00007ffbd09c7000 	C:\WINDOWS\system32\RPCRT4.dll
0x00007ffbd2950000 - 0x00007ffbd29a7000 	C:\WINDOWS\SYSTEM32\sechost.dll
0x00007ffbd2160000 - 0x00007ffbd2336000 	C:\WINDOWS\SYSTEM32\combase.dll
0x00007ffbd2be0000 - 0x00007ffbd2d24000 	C:\WINDOWS\system32\GDI32.dll
0x00007ffbd0020000 - 0x00007ffbd0034000 	C:\WINDOWS\SYSTEM32\profapi.dll
0x00007ffbcebf0000 - 0x00007ffbceca2000 	C:\WINDOWS\SYSTEM32\SHCORE.dll
0x00007ffbd2480000 - 0x00007ffbd24b4000 	C:\WINDOWS\system32\IMM32.DLL
0x00007ffbd2720000 - 0x00007ffbd2871000 	C:\WINDOWS\system32\MSCTF.dll
0x00007ffbcddd0000 - 0x00007ffbce02a000 	C:\WINDOWS\WinSxS\amd64_microsoft.windows.common-controls_6595b64144ccf1df_6.0.9600.17031_none_6242a4b3ecbb55a1\COMCTL32.dll
0x0000000051d50000 - 0x0000000051e22000 	C:\Program Files\Java\jdk1.8.0_31\jre\bin\msvcr100.dll
0x00000000521d0000 - 0x0000000052a2a000 	C:\Program Files\Java\jdk1.8.0_31\jre\bin\server\jvm.dll
0x00007ffbc83a0000 - 0x00007ffbc83a9000 	C:\WINDOWS\SYSTEM32\WSOCK32.dll
0x00007ffbcbe80000 - 0x00007ffbcbe9f000 	C:\WINDOWS\SYSTEM32\WINMM.dll
0x00007ffbd1fa0000 - 0x00007ffbd1fa7000 	C:\WINDOWS\system32\PSAPI.DLL
0x00007ffbd26c0000 - 0x00007ffbd2718000 	C:\WINDOWS\system32\WS2_32.dll
0x00007ffbcbe40000 - 0x00007ffbcbe6a000 	C:\WINDOWS\SYSTEM32\WINMMBASE.dll
0x00007ffbd29e0000 - 0x00007ffbd29e9000 	C:\WINDOWS\system32\NSI.dll
0x00007ffbd0140000 - 0x00007ffbd018a000 	C:\WINDOWS\SYSTEM32\cfgmgr32.dll
0x00007ffbcee90000 - 0x00007ffbceeb6000 	C:\WINDOWS\SYSTEM32\DEVOBJ.dll
0x00000000521c0000 - 0x00000000521cf000 	C:\Program Files\Java\jdk1.8.0_31\jre\bin\verify.dll
0x0000000052190000 - 0x00000000521b8000 	C:\Program Files\Java\jdk1.8.0_31\jre\bin\java.dll
0x0000000052170000 - 0x0000000052186000 	C:\Program Files\Java\jdk1.8.0_31\jre\bin\zip.dll
0x00007ffbc12a0000 - 0x00007ffbc1428000 	C:\WINDOWS\SYSTEM32\dbghelp.dll

VM Arguments:
jvm_args: -Xmx1024M -Dfile.encoding=windows-1252 -Duser.country=US -Duser.language=en -Duser.variant 
java_command: com.android.dx.command.Main --dex --output C:\Users\Abhinav Goel\AndroidStudioProjects\enduser\app\build\intermediates\pre-dexed\debug\classes-0424e068468394289f7616d2e5fe42da9b8bcdbd.jar C:\Users\Abhinav Goel\AndroidStudioProjects\enduser\app\build\intermediates\exploded-aar\com.google.android.gms\play-services-nearby\7.0.0\classes.jar
java_class_path (initial): C:\Users\Abhinav Goel\AppData\Local\Android\sdk\build-tools\21.1.2\lib\dx.jar
Launcher Type: SUN_STANDARD

Environment Variables:
PATH=C:\Program Files (x86)\NVIDIA Corporation\PhysX\Common;C:\ProgramData\Oracle\Java\javapath;C:\Program Files (x86)\Nokia\PC Connectivity Solution\;C:\Windows\system32;C:\Windows;C:\Windows\System32\Wbem;C:\Windows\System32\WindowsPowerShell\v1.0\;C:\Program Files (x86)\ATI Technologies\ATI.ACE\Core-Static;C:\Program Files (x86)\MiKTeX 2.9\miktex\bin\;C:\Program Files (x86)\Windows Live\Shared;C:\WINDOWS\system32;C:\WINDOWS;C:\WINDOWS\System32\Wbem;C:\WINDOWS\System32\WindowsPowerShell\v1.0\;C:\Program Files (x86)\QuickTime\QTSystem\;C:\Ruby200-x64\bin
USERNAME=Abhinav Goel
OS=Windows_NT
PROCESSOR_IDENTIFIER=AMD64 Family 21 Model 1 Stepping 2, AuthenticAMD



---------------  S Y S T E M  ---------------

OS: Windows 8.1 , 64 bit Build 9600 

CPU:total 8 (8 cores per cpu, 1 threads per core) family 21 model 1 stepping 2, cmov, cx8, fxsr, mmx, sse, sse2, sse3, ssse3, sse4.1, sse4.2, popcnt, avx, aes, clmul, mmxext, 3dnowpref, lzcnt, sse4a, tsc, tscinvbit, tscinv

Memory: 4k page, physical 8386100k(745436k free), swap 11531828k(131712k free)

vm_info: Java HotSpot(TM) 64-Bit Server VM (25.31-b07) for windows-amd64 JRE (1.8.0_31-b13), built on Dec 17 2014 21:00:28 by "java_re" with MS VC++ 10.0 (VS2010)

time: Sun Mar 29 16:21:39 2015
elapsed time: 1 seconds (0d 0h 0m 1s)

