#
# There is insufficient memory for the Java Runtime Environment to continue.
# Native memory allocation (malloc) failed to allocate 1254976 bytes for Chunk::new
# Possible reasons:
#   The system is out of physical RAM or swap space
#   In 32 bit mode, the process size limit was hit
# Possible solutions:
#   Reduce memory load on the system
#   Increase physical memory or swap space
#   Check if swap backing store is full
#   Use 64 bit Java on a 64 bit OS
#   Decrease Java heap size (-Xmx/-Xms)
#   Decrease number of Java threads
#   Decrease Java thread stack sizes (-Xss)
#   Set larger code cache with -XX:ReservedCodeCacheSize=
# This output file may be truncated or incomplete.
#
#  Out of Memory Error (allocation.cpp:390), pid=7868, tid=10124
#
# JRE version: Java(TM) SE Runtime Environment (8.0_31-b13) (build 1.8.0_31-b13)
# Java VM: Java HotSpot(TM) 64-Bit Server VM (25.31-b07 mixed mode windows-amd64 compressed oops)
# Failed to write core dump. Minidumps are not enabled by default on client versions of Windows
#

---------------  T H R E A D  ---------------

Current thread (0x0000000017408800):  JavaThread "C2 CompilerThread2" daemon [_thread_in_native, id=10124, stack(0x0000000017b90000,0x0000000017c90000)]

Stack: [0x0000000017b90000,0x0000000017c90000]
Native frames: (J=compiled Java code, j=interpreted, Vv=VM code, C=native code)
V  [jvm.dll+0x3169ba]
V  [jvm.dll+0x2674c3]
V  [jvm.dll+0x268103]
V  [jvm.dll+0x25f8f5]
V  [jvm.dll+0xbf025]
V  [jvm.dll+0xbf4cc]
V  [jvm.dll+0x45df82]
V  [jvm.dll+0x49f21f]
V  [jvm.dll+0x452b35]
V  [jvm.dll+0x454124]
V  [jvm.dll+0x437c62]
V  [jvm.dll+0x988e2]
V  [jvm.dll+0x990d3]
V  [jvm.dll+0x22c194]
V  [jvm.dll+0x28576a]
C  [msvcr100.dll+0x21d9f]
C  [msvcr100.dll+0x21e3b]
C  [KERNEL32.DLL+0x16ad]
C  [ntdll.dll+0x6e954]


Current CompileTask:
C2:   5887 1977       4       com.android.dx.ssa.SCCP::run (298 bytes)


---------------  P R O C E S S  ---------------

Java Threads: ( => current thread )
  0x000000001741a000 JavaThread "Service Thread" daemon [_thread_blocked, id=7812, stack(0x0000000017d90000,0x0000000017e90000)]
  0x000000001740b800 JavaThread "C1 CompilerThread3" daemon [_thread_blocked, id=9696, stack(0x0000000017c90000,0x0000000017d90000)]
=>0x0000000017408800 JavaThread "C2 CompilerThread2" daemon [_thread_in_native, id=10124, stack(0x0000000017b90000,0x0000000017c90000)]
  0x0000000017406000 JavaThread "C2 CompilerThread1" daemon [_thread_in_native, id=9564, stack(0x0000000017a90000,0x0000000017b90000)]
  0x00000000173b4800 JavaThread "C2 CompilerThread0" daemon [_thread_in_native, id=8916, stack(0x0000000017990000,0x0000000017a90000)]
  0x00000000173b3000 JavaThread "Attach Listener" daemon [_thread_blocked, id=8924, stack(0x0000000017890000,0x0000000017990000)]
  0x00000000173b2800 JavaThread "Signal Dispatcher" daemon [_thread_blocked, id=6836, stack(0x0000000017790000,0x0000000017890000)]
  0x0000000002887800 JavaThread "Finalizer" daemon [_thread_blocked, id=4272, stack(0x0000000017290000,0x0000000017390000)]
  0x00000000153ac800 JavaThread "Reference Handler" daemon [_thread_blocked, id=2792, stack(0x0000000017190000,0x0000000017290000)]
  0x0000000002790800 JavaThread "main" [_thread_in_Java, id=6288, stack(0x0000000002690000,0x0000000002790000)]

Other Threads:
  0x00000000153a8800 VMThread [stack: 0x0000000017090000,0x0000000017190000] [id=7700]
  0x000000001741b800 WatcherThread [stack: 0x0000000017e90000,0x0000000017f90000] [id=8216]

VM state:not at safepoint (normal execution)

VM Mutex/Monitor currently owned by a thread: None

Heap:
 PSYoungGen      total 138240K, used 60560K [0x00000000eab00000, 0x00000000fe500000, 0x0000000100000000)
  eden space 133120K, 41% used [0x00000000eab00000,0x00000000ee127f28,0x00000000f2d00000)
  from space 5120K, 99% used [0x00000000f2d00000,0x00000000f31fc130,0x00000000f3200000)
  to   space 27648K, 0% used [0x00000000fca00000,0x00000000fca00000,0x00000000fe500000)
 ParOldGen       total 87552K, used 48610K [0x00000000c0000000, 0x00000000c5580000, 0x00000000eab00000)
  object space 87552K, 55% used [0x00000000c0000000,0x00000000c2f78938,0x00000000c5580000)
 Metaspace       used 6369K, capacity 7408K, committed 7552K, reserved 1056768K
  class space    used 592K, capacity 616K, committed 640K, reserved 1048576K

Card table byte_map: [0x0000000011c50000,0x0000000011e60000] byte_map_base: 0x0000000011650000

Marking Bits: (ParMarkBitMap*) 0x00000000529ad4f0
 Begin Bits: [0x00000000127c0000, 0x00000000137c0000)
 End Bits:   [0x00000000137c0000, 0x00000000147c0000)

Polling page: 0x0000000002530000

CodeCache: size=245760Kb used=10171Kb max_used=10178Kb free=235588Kb
 bounds [0x0000000002890000, 0x0000000003290000, 0x0000000011890000]
 total_blobs=2551 nmethods=2292 adapters=174
 compilation: enabled

Compilation events (10 events):
Event: 4.925 Thread 0x000000001740b800 1952   !   3       com.android.dx.rop.code.RegisterSpec::intern (70 bytes)
Event: 4.926 Thread 0x000000001740b800 nmethod 1952 0x000000000312c550 code [0x000000000312c780, 0x000000000312d448]
Event: 4.934 Thread 0x0000000017408800 nmethod 1723 0x000000000313be90 code [0x000000000313c120, 0x000000000313db60]
Event: 4.934 Thread 0x0000000017408800 1957       4       com.android.dx.ssa.SsaMethod::removeFromUseList (57 bytes)
Event: 4.943 Thread 0x0000000017408800 nmethod 1957 0x0000000003129f50 code [0x000000000312a0a0, 0x000000000312a518]
Event: 4.943 Thread 0x0000000017408800 1977       4       com.android.dx.ssa.SCCP::run (298 bytes)
Event: 4.961 Thread 0x000000001740b800 1990       2       com.android.dx.rop.code.Rops::opPutStatic (97 bytes)
Event: 4.962 Thread 0x000000001740b800 nmethod 1990 0x000000000312bb90 code [0x000000000312bd60, 0x000000000312c298]
Event: 4.971 Thread 0x0000000017406000 nmethod 1916 0x0000000003175f10 code [0x0000000003177780, 0x0000000003180c20]
Event: 4.975 Thread 0x0000000017406000 1985       4       com.android.dx.dex.code.RopTranslator::pickOrder (400 bytes)

GC Heap History (10 events):
Event: 2.147 GC heap before
{Heap before GC invocations=1 (full 0):
 PSYoungGen      total 38400K, used 33280K [0x00000000eab00000, 0x00000000ed580000, 0x0000000100000000)
  eden space 33280K, 100% used [0x00000000eab00000,0x00000000ecb80000,0x00000000ecb80000)
  from space 5120K, 0% used [0x00000000ed080000,0x00000000ed080000,0x00000000ed580000)
  to   space 5120K, 0% used [0x00000000ecb80000,0x00000000ecb80000,0x00000000ed080000)
 ParOldGen       total 87552K, used 0K [0x00000000c0000000, 0x00000000c5580000, 0x00000000eab00000)
  object space 87552K, 0% used [0x00000000c0000000,0x00000000c0000000,0x00000000c5580000)
 Metaspace       used 5706K, capacity 6960K, committed 7040K, reserved 1056768K
  class space    used 552K, capacity 616K, committed 640K, reserved 1048576K
Event: 2.212 GC heap after
Heap after GC invocations=1 (full 0):
 PSYoungGen      total 38400K, used 5095K [0x00000000eab00000, 0x00000000ef600000, 0x0000000100000000)
  eden space 33280K, 0% used [0x00000000eab00000,0x00000000eab00000,0x00000000ecb80000)
  from space 5120K, 99% used [0x00000000ecb80000,0x00000000ed079c98,0x00000000ed080000)
  to   space 5120K, 0% used [0x00000000ef100000,0x00000000ef100000,0x00000000ef600000)
 ParOldGen       total 87552K, used 1746K [0x00000000c0000000, 0x00000000c5580000, 0x00000000eab00000)
  object space 87552K, 1% used [0x00000000c0000000,0x00000000c01b4b28,0x00000000c5580000)
 Metaspace       used 5706K, capacity 6960K, committed 7040K, reserved 1056768K
  class space    used 552K, capacity 616K, committed 640K, reserved 1048576K
}
Event: 2.894 GC heap before
{Heap before GC invocations=2 (full 0):
 PSYoungGen      total 38400K, used 38375K [0x00000000eab00000, 0x00000000ef600000, 0x0000000100000000)
  eden space 33280K, 100% used [0x00000000eab00000,0x00000000ecb80000,0x00000000ecb80000)
  from space 5120K, 99% used [0x00000000ecb80000,0x00000000ed079c98,0x00000000ed080000)
  to   space 5120K, 0% used [0x00000000ef100000,0x00000000ef100000,0x00000000ef600000)
 ParOldGen       total 87552K, used 1746K [0x00000000c0000000, 0x00000000c5580000, 0x00000000eab00000)
  object space 87552K, 1% used [0x00000000c0000000,0x00000000c01b4b28,0x00000000c5580000)
 Metaspace       used 5836K, capacity 7088K, committed 7296K, reserved 1056768K
  class space    used 553K, capacity 616K, committed 640K, reserved 1048576K
Event: 2.920 GC heap after
Heap after GC invocations=2 (full 0):
 PSYoungGen      total 71680K, used 5089K [0x00000000eab00000, 0x00000000ef600000, 0x0000000100000000)
  eden space 66560K, 0% used [0x00000000eab00000,0x00000000eab00000,0x00000000eec00000)
  from space 5120K, 99% used [0x00000000ef100000,0x00000000ef5f84c8,0x00000000ef600000)
  to   space 5120K, 0% used [0x00000000eec00000,0x00000000eec00000,0x00000000ef100000)
 ParOldGen       total 87552K, used 7352K [0x00000000c0000000, 0x00000000c5580000, 0x00000000eab00000)
  object space 87552K, 8% used [0x00000000c0000000,0x00000000c072e0c0,0x00000000c5580000)
 Metaspace       used 5836K, capacity 7088K, committed 7296K, reserved 1056768K
  class space    used 553K, capacity 616K, committed 640K, reserved 1048576K
}
Event: 3.380 GC heap before
{Heap before GC invocations=3 (full 0):
 PSYoungGen      total 71680K, used 71649K [0x00000000eab00000, 0x00000000ef600000, 0x0000000100000000)
  eden space 66560K, 100% used [0x00000000eab00000,0x00000000eec00000,0x00000000eec00000)
  from space 5120K, 99% used [0x00000000ef100000,0x00000000ef5f84c8,0x00000000ef600000)
  to   space 5120K, 0% used [0x00000000eec00000,0x00000000eec00000,0x00000000ef100000)
 ParOldGen       total 87552K, used 7352K [0x00000000c0000000, 0x00000000c5580000, 0x00000000eab00000)
  object space 87552K, 8% used [0x00000000c0000000,0x00000000c072e0c0,0x00000000c5580000)
 Metaspace       used 5883K, capacity 7088K, committed 7296K, reserved 1056768K
  class space    used 554K, capacity 616K, committed 640K, reserved 1048576K
Event: 3.416 GC heap after
Heap after GC invocations=3 (full 0):
 PSYoungGen      total 71680K, used 5090K [0x00000000eab00000, 0x00000000f3700000, 0x0000000100000000)
  eden space 66560K, 0% used [0x00000000eab00000,0x00000000eab00000,0x00000000eec00000)
  from space 5120K, 99% used [0x00000000eec00000,0x00000000ef0f89f0,0x00000000ef100000)
  to   space 5120K, 0% used [0x00000000f3200000,0x00000000f3200000,0x00000000f3700000)
 ParOldGen       total 87552K, used 16999K [0x00000000c0000000, 0x00000000c5580000, 0x00000000eab00000)
  object space 87552K, 19% used [0x00000000c0000000,0x00000000c1099e28,0x00000000c5580000)
 Metaspace       used 5883K, capacity 7088K, committed 7296K, reserved 1056768K
  class space    used 554K, capacity 616K, committed 640K, reserved 1048576K
}
Event: 3.772 GC heap before
{Heap before GC invocations=4 (full 0):
 PSYoungGen      total 71680K, used 71650K [0x00000000eab00000, 0x00000000f3700000, 0x0000000100000000)
  eden space 66560K, 100% used [0x00000000eab00000,0x00000000eec00000,0x00000000eec00000)
  from space 5120K, 99% used [0x00000000eec00000,0x00000000ef0f89f0,0x00000000ef100000)
  to   space 5120K, 0% used [0x00000000f3200000,0x00000000f3200000,0x00000000f3700000)
 ParOldGen       total 87552K, used 16999K [0x00000000c0000000, 0x00000000c5580000, 0x00000000eab00000)
  object space 87552K, 19% used [0x00000000c0000000,0x00000000c1099e28,0x00000000c5580000)
 Metaspace       used 5921K, capacity 7152K, committed 7296K, reserved 1056768K
  class space    used 554K, capacity 616K, committed 640K, reserved 1048576K
Event: 3.807 GC heap after
Heap after GC invocations=4 (full 0):
 PSYoungGen      total 138240K, used 5119K [0x00000000eab00000, 0x00000000f3700000, 0x0000000100000000)
  eden space 133120K, 0% used [0x00000000eab00000,0x00000000eab00000,0x00000000f2d00000)
  from space 5120K, 99% used [0x00000000f3200000,0x00000000f36fff90,0x00000000f3700000)
  to   space 5120K, 0% used [0x00000000f2d00000,0x00000000f2d00000,0x00000000f3200000)
 ParOldGen       total 87552K, used 27627K [0x00000000c0000000, 0x00000000c5580000, 0x00000000eab00000)
  object space 87552K, 31% used [0x00000000c0000000,0x00000000c1afaf10,0x00000000c5580000)
 Metaspace       used 5921K, capacity 7152K, committed 7296K, reserved 1056768K
  class space    used 554K, capacity 616K, committed 640K, reserved 1048576K
}
Event: 4.491 GC heap before
{Heap before GC invocations=5 (full 0):
 PSYoungGen      total 138240K, used 138239K [0x00000000eab00000, 0x00000000f3700000, 0x0000000100000000)
  eden space 133120K, 100% used [0x00000000eab00000,0x00000000f2d00000,0x00000000f2d00000)
  from space 5120K, 99% used [0x00000000f3200000,0x00000000f36fff90,0x00000000f3700000)
  to   space 5120K, 0% used [0x00000000f2d00000,0x00000000f2d00000,0x00000000f3200000)
 ParOldGen       total 87552K, used 27627K [0x00000000c0000000, 0x00000000c5580000, 0x00000000eab00000)
  object space 87552K, 31% used [0x00000000c0000000,0x00000000c1afaf10,0x00000000c5580000)
 Metaspace       used 5941K, capacity 7152K, committed 7296K, reserved 1056768K
  class space    used 554K, capacity 616K, committed 640K, reserved 1048576K
Event: 4.563 GC heap after
Heap after GC invocations=5 (full 0):
 PSYoungGen      total 138240K, used 5104K [0x00000000eab00000, 0x00000000fe500000, 0x0000000100000000)
  eden space 133120K, 0% used [0x00000000eab00000,0x00000000eab00000,0x00000000f2d00000)
  from space 5120K, 99% used [0x00000000f2d00000,0x00000000f31fc130,0x00000000f3200000)
  to   space 27648K, 0% used [0x00000000fca00000,0x00000000fca00000,0x00000000fe500000)
 ParOldGen       total 87552K, used 48610K [0x00000000c0000000, 0x00000000c5580000, 0x00000000eab00000)
  object space 87552K, 55% used [0x00000000c0000000,0x00000000c2f78938,0x00000000c5580000)
 Metaspace       used 5941K, capacity 7152K, committed 7296K, reserved 1056768K
  class space    used 554K, capacity 616K, committed 640K, reserved 1048576K
}

Deoptimization events (10 events):
Event: 4.274 Thread 0x0000000002790800 Uncommon trap: reason=bimorphic action=maybe_recompile pc=0x00000000030ba758 method=com.android.dx.cf.code.BytecodeArray.parseInstruction(ILcom/android/dx/cf/code/BytecodeArray$Visitor;)I @ 923
Event: 4.274 Thread 0x0000000002790800 Uncommon trap: reason=bimorphic action=maybe_recompile pc=0x00000000030bad34 method=com.android.dx.cf.code.BytecodeArray.parseInstruction(ILcom/android/dx/cf/code/BytecodeArray$Visitor;)I @ 1130
Event: 4.275 Thread 0x0000000002790800 Uncommon trap: reason=class_check action=maybe_recompile pc=0x000000000308ab1c method=com.android.dx.cf.code.Ropper.processBlock(Lcom/android/dx/cf/code/ByteBlock;Lcom/android/dx/cf/code/Frame;[I)V @ 777
Event: 4.275 Thread 0x0000000002790800 Uncommon trap: reason=class_check action=maybe_recompile pc=0x000000000308ab1c method=com.android.dx.cf.code.Ropper.processBlock(Lcom/android/dx/cf/code/ByteBlock;Lcom/android/dx/cf/code/Frame;[I)V @ 777
Event: 4.275 Thread 0x0000000002790800 Uncommon trap: reason=class_check action=maybe_recompile pc=0x000000000308ab1c method=com.android.dx.cf.code.Ropper.processBlock(Lcom/android/dx/cf/code/ByteBlock;Lcom/android/dx/cf/code/Frame;[I)V @ 777
Event: 4.276 Thread 0x0000000002790800 Uncommon trap: reason=class_check action=maybe_recompile pc=0x000000000308ab1c method=com.android.dx.cf.code.Ropper.processBlock(Lcom/android/dx/cf/code/ByteBlock;Lcom/android/dx/cf/code/Frame;[I)V @ 777
Event: 4.487 Thread 0x0000000002790800 Uncommon trap: reason=unreached action=reinterpret pc=0x0000000003110f94 method=com.android.dx.cf.code.RopperMachine.run(Lcom/android/dx/cf/code/Frame;II)V @ 1500
Event: 4.608 Thread 0x0000000002790800 Uncommon trap: reason=bimorphic action=maybe_recompile pc=0x0000000002ab8f8c method=java.util.HashMap.getNode(ILjava/lang/Object;)Ljava/util/HashMap$Node; @ 126
Event: 4.608 Thread 0x0000000002790800 Uncommon trap: reason=class_check action=maybe_recompile pc=0x0000000002cd30e4 method=java.util.HashMap.putVal(ILjava/lang/Object;Ljava/lang/Object;ZZ)Ljava/lang/Object; @ 203
Event: 4.925 Thread 0x0000000002790800 Uncommon trap: reason=unreached action=reinterpret pc=0x0000000002c16140 method=java.util.HashMap.getNode(ILjava/lang/Object;)Ljava/util/HashMap$Node; @ 84

Internal exceptions (10 events):
Event: 0.883 Thread 0x0000000002790800 Implicit null exception at 0x0000000002c53f01 to 0x0000000002c561f9
Event: 1.176 Thread 0x0000000002790800 Exception <a 'java/security/PrivilegedActionException'> (0x00000000ec5a6250) thrown at [C:\workspace\8-2-build-windows-amd64-cygwin\jdk8u31\2394\hotspot\src\share\vm\prims\jvm.cpp, line 1312]
Event: 1.227 Thread 0x0000000002790800 Exception <a 'java/security/PrivilegedActionException'> (0x00000000ec6a9578) thrown at [C:\workspace\8-2-build-windows-amd64-cygwin\jdk8u31\2394\hotspot\src\share\vm\prims\jvm.cpp, line 1312]
Event: 2.671 Thread 0x0000000002790800 Exception <a 'java/security/PrivilegedActionException'> (0x00000000eba8bf80) thrown at [C:\workspace\8-2-build-windows-amd64-cygwin\jdk8u31\2394\hotspot\src\share\vm\prims\jvm.cpp, line 1312]
Event: 2.938 Thread 0x0000000002790800 Exception <a 'java/security/PrivilegedActionException'> (0x00000000eadbff00) thrown at [C:\workspace\8-2-build-windows-amd64-cygwin\jdk8u31\2394\hotspot\src\share\vm\prims\jvm.cpp, line 1312]
Event: 2.956 Thread 0x0000000002790800 Implicit null exception at 0x0000000002e3f97a to 0x0000000002e4108d
Event: 3.267 Thread 0x0000000002790800 Exception <a 'java/security/PrivilegedActionException'> (0x00000000ededcc90) thrown at [C:\workspace\8-2-build-windows-amd64-cygwin\jdk8u31\2394\hotspot\src\share\vm\prims\jvm.cpp, line 1312]
Event: 4.855 Thread 0x0000000002790800 Exception <a 'java/lang/ArrayIndexOutOfBoundsException': 18> (0x00000000eb7d3af0) thrown at [C:\workspace\8-2-build-windows-amd64-cygwin\jdk8u31\2394\hotspot\src\share\vm\interpreter\interpreterRuntime.cpp, line 366]
Event: 4.856 Thread 0x0000000002790800 Exception <a 'java/lang/ArrayIndexOutOfBoundsException': 145> (0x00000000eb7d5588) thrown at [C:\workspace\8-2-build-windows-amd64-cygwin\jdk8u31\2394\hotspot\src\share\vm\interpreter\interpreterRuntime.cpp, line 366]
Event: 4.901 Thread 0x0000000002790800 Exception <a 'java/lang/ArrayIndexOutOfBoundsException'> (0x00000000eb811ee0) thrown at [C:\workspace\8-2-build-windows-amd64-cygwin\jdk8u31\2394\hotspot\src\share\vm\runtime\sharedRuntime.cpp, line 604]

Events (10 events):
Event: 4.916 loading class java/lang/reflect/TypeVariable done
Event: 4.916 loading class sun/reflect/generics/reflectiveObjects/TypeVariableImpl
Event: 4.924 loading class sun/reflect/generics/reflectiveObjects/LazyReflectiveObjectGenerator
Event: 4.924 loading class sun/reflect/generics/reflectiveObjects/LazyReflectiveObjectGenerator done
Event: 4.924 loading class sun/reflect/generics/reflectiveObjects/TypeVariableImpl done
Event: 4.925 Thread 0x0000000002790800 Uncommon trap: trap_request=0xffffffad fr.pc=0x0000000002c16140
Event: 4.925 Thread 0x0000000002790800 DEOPT PACKING pc=0x0000000002c16140 sp=0x000000000278e6d0
Event: 4.925 Thread 0x0000000002790800 DEOPT UNPACKING pc=0x00000000028d556a sp=0x000000000278e590 mode 2
Event: 4.939 Thread 0x0000000002790800 DEOPT PACKING pc=0x0000000002d6142d sp=0x000000000278e940
Event: 4.939 Thread 0x0000000002790800 DEOPT UNPACKING pc=0x00000000028d71bf sp=0x000000000278e6d0 mode 0


Dynamic libraries:
0x00007ff6a7850000 - 0x00007ff6a7884000 	C:\Program Files\Java\jdk1.8.0_31\bin\java.exe
0x00007ffbd2de0000 - 0x00007ffbd2f8c000 	C:\WINDOWS\SYSTEM32\ntdll.dll
0x00007ffbd2340000 - 0x00007ffbd247a000 	C:\WINDOWS\system32\KERNEL32.DLL
0x00007ffbd0240000 - 0x00007ffbd034f000 	C:\WINDOWS\system32\KERNELBASE.dll
0x00007ffbceb40000 - 0x00007ffbcebc8000 	C:\WINDOWS\system32\apphelp.dll
0x00007ffbbde10000 - 0x00007ffbbde5f000 	C:\WINDOWS\AppPatch\AppPatch64\AcGenral.DLL
0x00007ffbd20b0000 - 0x00007ffbd2157000 	C:\WINDOWS\system32\msvcrt.dll
0x00007ffbcfec0000 - 0x00007ffbcfeeb000 	C:\WINDOWS\SYSTEM32\SspiCli.dll
0x00007ffbd2660000 - 0x00007ffbd26b1000 	C:\WINDOWS\system32\SHLWAPI.dll
0x00007ffbd0710000 - 0x00007ffbd0881000 	C:\WINDOWS\system32\USER32.dll
0x00007ffbd0590000 - 0x00007ffbd0708000 	C:\WINDOWS\system32\ole32.dll
0x00007ffbd09d0000 - 0x00007ffbd1ee8000 	C:\WINDOWS\system32\SHELL32.dll
0x00007ffbcf610000 - 0x00007ffbcf62e000 	C:\WINDOWS\SYSTEM32\USERENV.dll
0x00007ffbd2d30000 - 0x00007ffbd2dd5000 	C:\WINDOWS\system32\ADVAPI32.dll
0x00007ffbc4ec0000 - 0x00007ffbc4edb000 	C:\WINDOWS\SYSTEM32\MPR.dll
0x00007ffbd0890000 - 0x00007ffbd09c7000 	C:\WINDOWS\system32\RPCRT4.dll
0x00007ffbd2950000 - 0x00007ffbd29a7000 	C:\WINDOWS\SYSTEM32\sechost.dll
0x00007ffbd2160000 - 0x00007ffbd2336000 	C:\WINDOWS\SYSTEM32\combase.dll
0x00007ffbd2be0000 - 0x00007ffbd2d24000 	C:\WINDOWS\system32\GDI32.dll
0x00007ffbd0020000 - 0x00007ffbd0034000 	C:\WINDOWS\SYSTEM32\profapi.dll
0x00007ffbcebf0000 - 0x00007ffbceca2000 	C:\WINDOWS\SYSTEM32\SHCORE.dll
0x00007ffbd2480000 - 0x00007ffbd24b4000 	C:\WINDOWS\system32\IMM32.DLL
0x00007ffbd2720000 - 0x00007ffbd2871000 	C:\WINDOWS\system32\MSCTF.dll
0x00007ffbcddd0000 - 0x00007ffbce02a000 	C:\WINDOWS\WinSxS\amd64_microsoft.windows.common-controls_6595b64144ccf1df_6.0.9600.17031_none_6242a4b3ecbb55a1\COMCTL32.dll
0x0000000051d50000 - 0x0000000051e22000 	C:\Program Files\Java\jdk1.8.0_31\jre\bin\msvcr100.dll
0x00000000521d0000 - 0x0000000052a2a000 	C:\Program Files\Java\jdk1.8.0_31\jre\bin\server\jvm.dll
0x00007ffbc83a0000 - 0x00007ffbc83a9000 	C:\WINDOWS\SYSTEM32\WSOCK32.dll
0x00007ffbcbe80000 - 0x00007ffbcbe9f000 	C:\WINDOWS\SYSTEM32\WINMM.dll
0x00007ffbd1fa0000 - 0x00007ffbd1fa7000 	C:\WINDOWS\system32\PSAPI.DLL
0x00007ffbd26c0000 - 0x00007ffbd2718000 	C:\WINDOWS\system32\WS2_32.dll
0x00007ffbcbe40000 - 0x00007ffbcbe6a000 	C:\WINDOWS\SYSTEM32\WINMMBASE.dll
0x00007ffbd29e0000 - 0x00007ffbd29e9000 	C:\WINDOWS\system32\NSI.dll
0x00007ffbd0140000 - 0x00007ffbd018a000 	C:\WINDOWS\SYSTEM32\cfgmgr32.dll
0x00007ffbcee90000 - 0x00007ffbceeb6000 	C:\WINDOWS\SYSTEM32\DEVOBJ.dll
0x00000000521c0000 - 0x00000000521cf000 	C:\Program Files\Java\jdk1.8.0_31\jre\bin\verify.dll
0x0000000052190000 - 0x00000000521b8000 	C:\Program Files\Java\jdk1.8.0_31\jre\bin\java.dll
0x0000000052170000 - 0x0000000052186000 	C:\Program Files\Java\jdk1.8.0_31\jre\bin\zip.dll
0x00007ffbc12a0000 - 0x00007ffbc1428000 	C:\WINDOWS\SYSTEM32\dbghelp.dll

VM Arguments:
jvm_args: -Xmx1024M -Dfile.encoding=windows-1252 -Duser.country=US -Duser.language=en -Duser.variant 
java_command: com.android.dx.command.Main --dex --output C:\Users\Abhinav Goel\AndroidStudioProjects\enduser\app\build\intermediates\pre-dexed\debug\Parse-1.8.4-c4ff8b0e8ca1c413c20321765fa76c4da4efd201.jar C:\Users\Abhinav Goel\AndroidStudioProjects\enduser\app\libs\Parse-1.8.4.jar
java_class_path (initial): C:\Users\Abhinav Goel\AppData\Local\Android\sdk\build-tools\21.1.2\lib\dx.jar
Launcher Type: SUN_STANDARD

Environment Variables:
PATH=C:\Program Files (x86)\NVIDIA Corporation\PhysX\Common;C:\ProgramData\Oracle\Java\javapath;C:\Program Files (x86)\Nokia\PC Connectivity Solution\;C:\Windows\system32;C:\Windows;C:\Windows\System32\Wbem;C:\Windows\System32\WindowsPowerShell\v1.0\;C:\Program Files (x86)\ATI Technologies\ATI.ACE\Core-Static;C:\Program Files (x86)\MiKTeX 2.9\miktex\bin\;C:\Program Files (x86)\Windows Live\Shared;C:\WINDOWS\system32;C:\WINDOWS;C:\WINDOWS\System32\Wbem;C:\WINDOWS\System32\WindowsPowerShell\v1.0\;C:\Program Files (x86)\QuickTime\QTSystem\;C:\Ruby200-x64\bin
USERNAME=Abhinav Goel
OS=Windows_NT
PROCESSOR_IDENTIFIER=AMD64 Family 21 Model 1 Stepping 2, AuthenticAMD



---------------  S Y S T E M  ---------------

OS: Windows 8.1 , 64 bit Build 9600 

CPU:total 8 (8 cores per cpu, 1 threads per core) family 21 model 1 stepping 2, cmov, cx8, fxsr, mmx, sse, sse2, sse3, ssse3, sse4.1, sse4.2, popcnt, avx, aes, clmul, mmxext, 3dnowpref, lzcnt, sse4a, tsc, tscinvbit, tscinv

Memory: 4k page, physical 8386100k(685524k free), swap 11531828k(809072k free)

vm_info: Java HotSpot(TM) 64-Bit Server VM (25.31-b07) for windows-amd64 JRE (1.8.0_31-b13), built on Dec 17 2014 21:00:28 by "java_re" with MS VC++ 10.0 (VS2010)

time: Sun Mar 29 16:21:44 2015
elapsed time: 5 seconds (0d 0h 0m 5s)

